2021-03-03 13:28:49 [main] INFO  PrimeChecker:13 - This is a function which checks if number is Prime or Not for 1 to 100
2021-03-03 13:28:49 [main] FATAL PrimeChecker:17 - you cannot input negative number
2021-03-03 13:28:49 [main] WARN  PrimeChecker:19 - 0 is neither prime nor composite
2021-03-03 13:28:49 [main] ERROR PrimeChecker:21 - Number is greater than 100
2021-03-03 13:33:10 [main] INFO  PrimeChecker:13 - This is a function which checks if number is Prime or Not for 1 to 100
2021-03-03 13:33:10 [main] FATAL PrimeChecker:17 - you cannot input negative number
2021-03-03 13:33:10 [main] WARN  PrimeChecker:19 - 0 is neither prime nor composite
2021-03-03 13:38:04 [main] INFO  PrimeChecker:13 - This is a function which checks if number is Prime or Not for 1 to 100
2021-03-03 13:38:04 [main] FATAL PrimeChecker:17 - you cannot input negative number
2021-03-03 13:38:04 [main] WARN  PrimeChecker:19 - 0 is neither prime nor composite
2021-03-03 13:41:24 [main] INFO  PrimeChecker:13 - This is a function which checks if number is Prime or Not for 1 to 100
2021-03-03 13:41:24 [main] FATAL PrimeChecker:17 - you cannot input negative number
2021-03-03 13:41:24 [main] WARN  PrimeChecker:19 - 0 is neither prime nor composite
2021-03-03 13:41:24 [main] DEBUG PrimeChecker:23 - 1 is Prime --------> false
2021-03-03 13:41:24 [main] DEBUG PrimeChecker:23 - 2 is Prime --------> true
2021-03-03 13:41:24 [main] DEBUG PrimeChecker:23 - 3 is Prime --------> true
2021-03-03 13:41:24 [main] DEBUG PrimeChecker:23 - 4 is Prime --------> false
2021-03-03 13:41:24 [main] DEBUG PrimeChecker:23 - 5 is Prime --------> true
2021-03-03 13:41:24 [main] DEBUG PrimeChecker:23 - 6 is Prime --------> false
2021-03-03 13:41:24 [main] DEBUG PrimeChecker:23 - 7 is Prime --------> true
2021-03-03 13:41:24 [main] DEBUG PrimeChecker:23 - 8 is Prime --------> false
2021-03-03 13:41:24 [main] DEBUG PrimeChecker:23 - 9 is Prime --------> false
2021-03-03 13:41:24 [main] DEBUG PrimeChecker:23 - 10 is Prime --------> false
2021-03-03 13:41:24 [main] DEBUG PrimeChecker:23 - 11 is Prime --------> true
2021-03-03 13:41:24 [main] DEBUG PrimeChecker:23 - 12 is Prime --------> false
2021-03-03 13:41:24 [main] DEBUG PrimeChecker:23 - 13 is Prime --------> true
2021-03-03 13:41:24 [main] DEBUG PrimeChecker:23 - 14 is Prime --------> false
2021-03-03 13:41:24 [main] DEBUG PrimeChecker:23 - 15 is Prime --------> false
2021-03-03 13:41:24 [main] DEBUG PrimeChecker:23 - 16 is Prime --------> false
2021-03-03 13:41:24 [main] DEBUG PrimeChecker:23 - 17 is Prime --------> true
2021-03-03 13:41:24 [main] DEBUG PrimeChecker:23 - 18 is Prime --------> false
2021-03-03 13:41:24 [main] DEBUG PrimeChecker:23 - 19 is Prime --------> true
2021-03-03 13:41:24 [main] DEBUG PrimeChecker:23 - 20 is Prime --------> false
2021-03-03 13:41:24 [main] DEBUG PrimeChecker:23 - 21 is Prime --------> false
2021-03-03 13:41:24 [main] DEBUG PrimeChecker:23 - 22 is Prime --------> false
2021-03-03 13:41:24 [main] DEBUG PrimeChecker:23 - 23 is Prime --------> true
2021-03-03 13:41:24 [main] DEBUG PrimeChecker:23 - 24 is Prime --------> false
2021-03-03 13:41:24 [main] DEBUG PrimeChecker:23 - 25 is Prime --------> false
2021-03-03 13:41:24 [main] DEBUG PrimeChecker:23 - 26 is Prime --------> false
2021-03-03 13:41:24 [main] DEBUG PrimeChecker:23 - 27 is Prime --------> false
2021-03-03 13:41:24 [main] DEBUG PrimeChecker:23 - 28 is Prime --------> false
2021-03-03 13:41:24 [main] DEBUG PrimeChecker:23 - 29 is Prime --------> true
2021-03-03 13:41:24 [main] DEBUG PrimeChecker:23 - 30 is Prime --------> false
2021-03-03 13:41:24 [main] DEBUG PrimeChecker:23 - 31 is Prime --------> true
2021-03-03 13:41:24 [main] DEBUG PrimeChecker:23 - 32 is Prime --------> false
2021-03-03 13:41:24 [main] DEBUG PrimeChecker:23 - 33 is Prime --------> false
2021-03-03 13:41:24 [main] DEBUG PrimeChecker:23 - 34 is Prime --------> false
2021-03-03 13:41:24 [main] DEBUG PrimeChecker:23 - 35 is Prime --------> false
2021-03-03 13:41:24 [main] DEBUG PrimeChecker:23 - 36 is Prime --------> false
2021-03-03 13:41:24 [main] DEBUG PrimeChecker:23 - 37 is Prime --------> true
2021-03-03 13:41:24 [main] DEBUG PrimeChecker:23 - 38 is Prime --------> false
2021-03-03 13:41:24 [main] DEBUG PrimeChecker:23 - 39 is Prime --------> false
2021-03-03 13:41:24 [main] DEBUG PrimeChecker:23 - 40 is Prime --------> false
2021-03-03 13:41:24 [main] DEBUG PrimeChecker:23 - 41 is Prime --------> true
2021-03-03 13:41:24 [main] DEBUG PrimeChecker:23 - 42 is Prime --------> false
2021-03-03 13:41:24 [main] DEBUG PrimeChecker:23 - 43 is Prime --------> true
2021-03-03 13:41:24 [main] DEBUG PrimeChecker:23 - 44 is Prime --------> false
2021-03-03 13:41:24 [main] DEBUG PrimeChecker:23 - 45 is Prime --------> false
2021-03-03 13:41:24 [main] DEBUG PrimeChecker:23 - 46 is Prime --------> false
2021-03-03 13:41:24 [main] DEBUG PrimeChecker:23 - 47 is Prime --------> true
2021-03-03 13:41:24 [main] DEBUG PrimeChecker:23 - 48 is Prime --------> false
2021-03-03 13:41:24 [main] DEBUG PrimeChecker:23 - 49 is Prime --------> false
2021-03-03 13:41:24 [main] DEBUG PrimeChecker:23 - 50 is Prime --------> false
2021-03-03 13:41:24 [main] DEBUG PrimeChecker:23 - 51 is Prime --------> false
2021-03-03 13:41:24 [main] DEBUG PrimeChecker:23 - 52 is Prime --------> false
2021-03-03 13:41:24 [main] DEBUG PrimeChecker:23 - 53 is Prime --------> true
2021-03-03 13:41:24 [main] DEBUG PrimeChecker:23 - 54 is Prime --------> false
2021-03-03 13:41:24 [main] DEBUG PrimeChecker:23 - 55 is Prime --------> false
2021-03-03 13:41:24 [main] DEBUG PrimeChecker:23 - 56 is Prime --------> false
2021-03-03 13:41:24 [main] DEBUG PrimeChecker:23 - 57 is Prime --------> false
2021-03-03 13:41:24 [main] DEBUG PrimeChecker:23 - 58 is Prime --------> false
2021-03-03 13:41:24 [main] DEBUG PrimeChecker:23 - 59 is Prime --------> true
2021-03-03 13:41:24 [main] DEBUG PrimeChecker:23 - 60 is Prime --------> false
2021-03-03 13:41:24 [main] DEBUG PrimeChecker:23 - 61 is Prime --------> true
2021-03-03 13:41:24 [main] DEBUG PrimeChecker:23 - 62 is Prime --------> false
2021-03-03 13:41:24 [main] DEBUG PrimeChecker:23 - 63 is Prime --------> false
2021-03-03 13:41:24 [main] DEBUG PrimeChecker:23 - 64 is Prime --------> false
2021-03-03 13:41:24 [main] DEBUG PrimeChecker:23 - 65 is Prime --------> false
2021-03-03 13:41:24 [main] DEBUG PrimeChecker:23 - 66 is Prime --------> false
2021-03-03 13:41:24 [main] DEBUG PrimeChecker:23 - 67 is Prime --------> true
2021-03-03 13:41:24 [main] DEBUG PrimeChecker:23 - 68 is Prime --------> false
2021-03-03 13:41:24 [main] DEBUG PrimeChecker:23 - 69 is Prime --------> false
2021-03-03 13:41:24 [main] DEBUG PrimeChecker:23 - 70 is Prime --------> false
2021-03-03 13:41:24 [main] DEBUG PrimeChecker:23 - 71 is Prime --------> true
2021-03-03 13:41:24 [main] DEBUG PrimeChecker:23 - 72 is Prime --------> false
2021-03-03 13:41:24 [main] DEBUG PrimeChecker:23 - 73 is Prime --------> true
2021-03-03 13:41:24 [main] DEBUG PrimeChecker:23 - 74 is Prime --------> false
2021-03-03 13:41:24 [main] DEBUG PrimeChecker:23 - 75 is Prime --------> false
2021-03-03 13:41:24 [main] DEBUG PrimeChecker:23 - 76 is Prime --------> false
2021-03-03 13:41:24 [main] DEBUG PrimeChecker:23 - 77 is Prime --------> false
2021-03-03 13:41:24 [main] DEBUG PrimeChecker:23 - 78 is Prime --------> false
2021-03-03 13:41:24 [main] DEBUG PrimeChecker:23 - 79 is Prime --------> true
2021-03-03 13:41:24 [main] DEBUG PrimeChecker:23 - 80 is Prime --------> false
2021-03-03 13:41:24 [main] DEBUG PrimeChecker:23 - 81 is Prime --------> false
2021-03-03 13:41:24 [main] DEBUG PrimeChecker:23 - 82 is Prime --------> false
2021-03-03 13:41:24 [main] DEBUG PrimeChecker:23 - 83 is Prime --------> true
2021-03-03 13:41:24 [main] DEBUG PrimeChecker:23 - 84 is Prime --------> false
2021-03-03 13:41:24 [main] DEBUG PrimeChecker:23 - 85 is Prime --------> false
2021-03-03 13:41:24 [main] DEBUG PrimeChecker:23 - 86 is Prime --------> false
2021-03-03 13:41:24 [main] DEBUG PrimeChecker:23 - 87 is Prime --------> false
2021-03-03 13:41:24 [main] DEBUG PrimeChecker:23 - 88 is Prime --------> false
2021-03-03 13:41:24 [main] DEBUG PrimeChecker:23 - 89 is Prime --------> true
2021-03-03 13:41:24 [main] DEBUG PrimeChecker:23 - 90 is Prime --------> false
2021-03-03 13:41:24 [main] DEBUG PrimeChecker:23 - 91 is Prime --------> false
2021-03-03 13:41:24 [main] DEBUG PrimeChecker:23 - 92 is Prime --------> false
2021-03-03 13:41:24 [main] DEBUG PrimeChecker:23 - 93 is Prime --------> false
2021-03-03 13:41:24 [main] DEBUG PrimeChecker:23 - 94 is Prime --------> false
2021-03-03 13:41:24 [main] DEBUG PrimeChecker:23 - 95 is Prime --------> false
2021-03-03 13:41:24 [main] DEBUG PrimeChecker:23 - 96 is Prime --------> false
2021-03-03 13:41:24 [main] DEBUG PrimeChecker:23 - 97 is Prime --------> true
2021-03-03 13:41:24 [main] DEBUG PrimeChecker:23 - 98 is Prime --------> false
2021-03-03 13:41:24 [main] DEBUG PrimeChecker:23 - 99 is Prime --------> false
2021-03-03 13:41:24 [main] DEBUG PrimeChecker:23 - 100 is Prime --------> false
2021-03-03 13:41:24 [main] DEBUG PrimeChecker:23 - 101 is Prime --------> true
2021-03-03 13:42:02 [main] INFO  PrimeChecker:13 - This is a function which checks if number is Prime or Not for 1 to 100
2021-03-03 13:42:02 [main] FATAL PrimeChecker:17 - you cannot input negative number
2021-03-03 13:42:02 [main] WARN  PrimeChecker:19 - 0 is neither prime nor composite
2021-03-03 13:42:02 [main] DEBUG PrimeChecker:23 - 1 is Prime --------> false
2021-03-03 13:42:02 [main] DEBUG PrimeChecker:23 - 2 is Prime --------> true
2021-03-03 13:42:02 [main] DEBUG PrimeChecker:23 - 3 is Prime --------> true
2021-03-03 13:42:02 [main] DEBUG PrimeChecker:23 - 4 is Prime --------> false
2021-03-03 13:42:02 [main] DEBUG PrimeChecker:23 - 5 is Prime --------> true
2021-03-03 13:42:02 [main] DEBUG PrimeChecker:23 - 6 is Prime --------> false
2021-03-03 13:42:02 [main] DEBUG PrimeChecker:23 - 7 is Prime --------> true
2021-03-03 13:42:02 [main] DEBUG PrimeChecker:23 - 8 is Prime --------> false
2021-03-03 13:42:02 [main] DEBUG PrimeChecker:23 - 9 is Prime --------> false
2021-03-03 13:42:02 [main] DEBUG PrimeChecker:23 - 10 is Prime --------> false
2021-03-03 13:42:02 [main] DEBUG PrimeChecker:23 - 11 is Prime --------> true
2021-03-03 13:42:02 [main] DEBUG PrimeChecker:23 - 12 is Prime --------> false
2021-03-03 13:42:02 [main] DEBUG PrimeChecker:23 - 13 is Prime --------> true
2021-03-03 13:42:02 [main] DEBUG PrimeChecker:23 - 14 is Prime --------> false
2021-03-03 13:42:02 [main] DEBUG PrimeChecker:23 - 15 is Prime --------> false
2021-03-03 13:42:02 [main] DEBUG PrimeChecker:23 - 16 is Prime --------> false
2021-03-03 13:42:02 [main] DEBUG PrimeChecker:23 - 17 is Prime --------> true
2021-03-03 13:42:02 [main] DEBUG PrimeChecker:23 - 18 is Prime --------> false
2021-03-03 13:42:02 [main] DEBUG PrimeChecker:23 - 19 is Prime --------> true
2021-03-03 13:42:02 [main] DEBUG PrimeChecker:23 - 20 is Prime --------> false
2021-03-03 13:42:02 [main] DEBUG PrimeChecker:23 - 21 is Prime --------> false
2021-03-03 13:42:02 [main] DEBUG PrimeChecker:23 - 22 is Prime --------> false
2021-03-03 13:42:02 [main] DEBUG PrimeChecker:23 - 23 is Prime --------> true
2021-03-03 13:42:02 [main] DEBUG PrimeChecker:23 - 24 is Prime --------> false
2021-03-03 13:42:02 [main] DEBUG PrimeChecker:23 - 25 is Prime --------> false
2021-03-03 13:42:02 [main] DEBUG PrimeChecker:23 - 26 is Prime --------> false
2021-03-03 13:42:02 [main] DEBUG PrimeChecker:23 - 27 is Prime --------> false
2021-03-03 13:42:02 [main] DEBUG PrimeChecker:23 - 28 is Prime --------> false
2021-03-03 13:42:02 [main] DEBUG PrimeChecker:23 - 29 is Prime --------> true
2021-03-03 13:42:02 [main] DEBUG PrimeChecker:23 - 30 is Prime --------> false
2021-03-03 13:42:02 [main] DEBUG PrimeChecker:23 - 31 is Prime --------> true
2021-03-03 13:42:02 [main] DEBUG PrimeChecker:23 - 32 is Prime --------> false
2021-03-03 13:42:02 [main] DEBUG PrimeChecker:23 - 33 is Prime --------> false
2021-03-03 13:42:02 [main] DEBUG PrimeChecker:23 - 34 is Prime --------> false
2021-03-03 13:42:02 [main] DEBUG PrimeChecker:23 - 35 is Prime --------> false
2021-03-03 13:42:02 [main] DEBUG PrimeChecker:23 - 36 is Prime --------> false
2021-03-03 13:42:02 [main] DEBUG PrimeChecker:23 - 37 is Prime --------> true
2021-03-03 13:42:02 [main] DEBUG PrimeChecker:23 - 38 is Prime --------> false
2021-03-03 13:42:02 [main] DEBUG PrimeChecker:23 - 39 is Prime --------> false
2021-03-03 13:42:02 [main] DEBUG PrimeChecker:23 - 40 is Prime --------> false
2021-03-03 13:42:02 [main] DEBUG PrimeChecker:23 - 41 is Prime --------> true
2021-03-03 13:42:02 [main] DEBUG PrimeChecker:23 - 42 is Prime --------> false
2021-03-03 13:42:02 [main] DEBUG PrimeChecker:23 - 43 is Prime --------> true
2021-03-03 13:42:02 [main] DEBUG PrimeChecker:23 - 44 is Prime --------> false
2021-03-03 13:42:02 [main] DEBUG PrimeChecker:23 - 45 is Prime --------> false
2021-03-03 13:42:02 [main] DEBUG PrimeChecker:23 - 46 is Prime --------> false
2021-03-03 13:42:02 [main] DEBUG PrimeChecker:23 - 47 is Prime --------> true
2021-03-03 13:42:02 [main] DEBUG PrimeChecker:23 - 48 is Prime --------> false
2021-03-03 13:42:02 [main] DEBUG PrimeChecker:23 - 49 is Prime --------> false
2021-03-03 13:42:02 [main] DEBUG PrimeChecker:23 - 50 is Prime --------> false
2021-03-03 13:42:02 [main] DEBUG PrimeChecker:23 - 51 is Prime --------> false
2021-03-03 13:42:02 [main] DEBUG PrimeChecker:23 - 52 is Prime --------> false
2021-03-03 13:42:02 [main] DEBUG PrimeChecker:23 - 53 is Prime --------> true
2021-03-03 13:42:02 [main] DEBUG PrimeChecker:23 - 54 is Prime --------> false
2021-03-03 13:42:02 [main] DEBUG PrimeChecker:23 - 55 is Prime --------> false
2021-03-03 13:42:02 [main] DEBUG PrimeChecker:23 - 56 is Prime --------> false
2021-03-03 13:42:02 [main] DEBUG PrimeChecker:23 - 57 is Prime --------> false
2021-03-03 13:42:02 [main] DEBUG PrimeChecker:23 - 58 is Prime --------> false
2021-03-03 13:42:02 [main] DEBUG PrimeChecker:23 - 59 is Prime --------> true
2021-03-03 13:42:02 [main] DEBUG PrimeChecker:23 - 60 is Prime --------> false
2021-03-03 13:42:02 [main] DEBUG PrimeChecker:23 - 61 is Prime --------> true
2021-03-03 13:42:02 [main] DEBUG PrimeChecker:23 - 62 is Prime --------> false
2021-03-03 13:42:02 [main] DEBUG PrimeChecker:23 - 63 is Prime --------> false
2021-03-03 13:42:02 [main] DEBUG PrimeChecker:23 - 64 is Prime --------> false
2021-03-03 13:42:02 [main] DEBUG PrimeChecker:23 - 65 is Prime --------> false
2021-03-03 13:42:02 [main] DEBUG PrimeChecker:23 - 66 is Prime --------> false
2021-03-03 13:42:02 [main] DEBUG PrimeChecker:23 - 67 is Prime --------> true
2021-03-03 13:42:02 [main] DEBUG PrimeChecker:23 - 68 is Prime --------> false
2021-03-03 13:42:02 [main] DEBUG PrimeChecker:23 - 69 is Prime --------> false
2021-03-03 13:42:02 [main] DEBUG PrimeChecker:23 - 70 is Prime --------> false
2021-03-03 13:42:02 [main] DEBUG PrimeChecker:23 - 71 is Prime --------> true
2021-03-03 13:42:02 [main] DEBUG PrimeChecker:23 - 72 is Prime --------> false
2021-03-03 13:42:02 [main] DEBUG PrimeChecker:23 - 73 is Prime --------> true
2021-03-03 13:42:02 [main] DEBUG PrimeChecker:23 - 74 is Prime --------> false
2021-03-03 13:42:02 [main] DEBUG PrimeChecker:23 - 75 is Prime --------> false
2021-03-03 13:42:02 [main] DEBUG PrimeChecker:23 - 76 is Prime --------> false
2021-03-03 13:42:02 [main] DEBUG PrimeChecker:23 - 77 is Prime --------> false
2021-03-03 13:42:02 [main] DEBUG PrimeChecker:23 - 78 is Prime --------> false
2021-03-03 13:42:02 [main] DEBUG PrimeChecker:23 - 79 is Prime --------> true
2021-03-03 13:42:02 [main] DEBUG PrimeChecker:23 - 80 is Prime --------> false
2021-03-03 13:42:02 [main] DEBUG PrimeChecker:23 - 81 is Prime --------> false
2021-03-03 13:42:02 [main] DEBUG PrimeChecker:23 - 82 is Prime --------> false
2021-03-03 13:42:02 [main] DEBUG PrimeChecker:23 - 83 is Prime --------> true
2021-03-03 13:42:02 [main] DEBUG PrimeChecker:23 - 84 is Prime --------> false
2021-03-03 13:42:02 [main] DEBUG PrimeChecker:23 - 85 is Prime --------> false
2021-03-03 13:42:02 [main] DEBUG PrimeChecker:23 - 86 is Prime --------> false
2021-03-03 13:42:02 [main] DEBUG PrimeChecker:23 - 87 is Prime --------> false
2021-03-03 13:42:02 [main] DEBUG PrimeChecker:23 - 88 is Prime --------> false
2021-03-03 13:42:02 [main] DEBUG PrimeChecker:23 - 89 is Prime --------> true
2021-03-03 13:42:02 [main] DEBUG PrimeChecker:23 - 90 is Prime --------> false
2021-03-03 13:42:02 [main] DEBUG PrimeChecker:23 - 91 is Prime --------> false
2021-03-03 13:42:02 [main] DEBUG PrimeChecker:23 - 92 is Prime --------> false
2021-03-03 13:42:02 [main] DEBUG PrimeChecker:23 - 93 is Prime --------> false
2021-03-03 13:42:02 [main] DEBUG PrimeChecker:23 - 94 is Prime --------> false
2021-03-03 13:42:02 [main] DEBUG PrimeChecker:23 - 95 is Prime --------> false
2021-03-03 13:42:02 [main] DEBUG PrimeChecker:23 - 96 is Prime --------> false
2021-03-03 13:42:02 [main] DEBUG PrimeChecker:23 - 97 is Prime --------> true
2021-03-03 13:42:02 [main] DEBUG PrimeChecker:23 - 98 is Prime --------> false
2021-03-03 13:42:02 [main] DEBUG PrimeChecker:23 - 99 is Prime --------> false
2021-03-03 13:42:02 [main] DEBUG PrimeChecker:23 - 100 is Prime --------> false
2021-03-03 13:42:02 [main] ERROR PrimeChecker:21 - Number is greater than 100
